<?xml version="1.0" encoding="UTF-8"?>
<testsuite name="jrails.JRouterTest" tests="1" skipped="0" failures="0" errors="0" timestamp="2020-04-06T22:01:33" hostname="fuhuan.local" time="0.004">
  <properties/>
  <testcase name="addRoute" classname="jrails.JRouterTest" time="0.004"/>
  <system-out><![CDATA[]]></system-out>
  <system-err><![CDATA[]]></system-err>
</testsuite>
