<?xml version="1.0" encoding="UTF-8"?>
<testsuite name="jrails.ModelTest" tests="4" skipped="0" failures="0" errors="0" timestamp="2020-04-13T17:19:15" hostname="fuhuan.local" time="0.026">
  <properties/>
  <testcase name="m2" classname="jrails.ModelTest" time="0.003"/>
  <testcase name="find_books" classname="jrails.ModelTest" time="0.018"/>
  <testcase name="initial_id" classname="jrails.ModelTest" time="0.0"/>
  <testcase name="sale_a_book" classname="jrails.ModelTest" time="0.005"/>
  <system-out><![CDATA[]]></system-out>
  <system-err><![CDATA[]]></system-err>
</testsuite>
